
Showing logs for build [32mcb-kubecd-environment-pr-191-17-lm5ph-1[0m stage [32mfrom-build-pack[0m and container [32mstep-credential-initializer-sv6dx[0m
{"level":"warn","ts":1585590232.660764,"logger":"fallback-logger","caller":"logging/config.go:69","msg":"Fetch GitHub commit ID from kodata failed: \"ref: refs/heads/0.8.0-**-support-backwards-incompats\" is not a valid GitHub commit ID"}
{"level":"info","ts":1585590232.6614673,"logger":"fallback-logger","caller":"creds-init/main.go:40","msg":"Credentials initialized."}

Showing logs for build [32mcb-kubecd-environment-pr-191-17-lm5ph-1[0m stage [32mfrom-build-pack[0m and container [32mstep-working-dir-initializer-smfvc[0m
{"level":"warn","ts":1585590234.001576,"logger":"fallback-logger","caller":"logging/config.go:69","msg":"Fetch GitHub commit ID from kodata failed: open /var/run/ko/HEAD: no such file or directory"}
{"level":"info","ts":1585590234.003719,"logger":"fallback-logger","caller":"bash/main.go:64","msg":"Successfully executed command \"sh -c mkdir -p /workspace/source\"; output "}

Showing logs for build [32mcb-kubecd-environment-pr-191-17-lm5ph-1[0m stage [32mfrom-build-pack[0m and container [32mstep-place-tools[0m

Showing logs for build [32mcb-kubecd-environment-pr-191-17-lm5ph-1[0m stage [32mfrom-build-pack[0m and container [32mstep-git-source-cb-kubecd-environment-pr-191-17-lm5ph-gjd6z[0m
{"level":"warn","ts":1585590238.2442708,"logger":"fallback-logger","caller":"logging/config.go:69","msg":"Fetch GitHub commit ID from kodata failed: \"ref: refs/heads/0.8.0-**-support-backwards-incompats\" is not a valid GitHub commit ID"}
{"level":"info","ts":1585590239.3900852,"logger":"fallback-logger","caller":"git/git.go:103","msg":"Successfully cloned https://github.com/cb-kubecd/environment-pr-191-173-boot-gke-staging.git @ master in path /workspace/source"}

Showing logs for build [32mcb-kubecd-environment-pr-191-17-lm5ph-1[0m stage [32mfrom-build-pack[0m and container [32mstep-git-merge[0m
Using SHAs from PULL_REFS=master:f913a95a3ab4e5c3d7542f6ade0c83d7c417d3fb,7:8cfe4d639ede04893571586761371c88fe1aba5c
DEBUG: LC_ALL=C JX_LOG_LEVEL=error git fetch origin --unshallow 8cfe4d639ede04893571586761371c88fe1aba5c: f913a95a3ab4e5c3d7542f6ade0c83d7c417d3fb:
DEBUG: ran git fetch --unshallow origin 8cfe4d639ede04893571586761371c88fe1aba5c: f913a95a3ab4e5c3d7542f6ade0c83d7c417d3fb: in 
DEBUG: JX_LOG_LEVEL=error LC_ALL=C git branch
DEBUG: LC_ALL=C JX_LOG_LEVEL=error git checkout master
DEBUG: ran git checkout master in 
DEBUG: LC_ALL=C JX_LOG_LEVEL=error git reset --hard f913a95a3ab4e5c3d7542f6ade0c83d7c417d3fb
DEBUG: ran git reset --hard f913a95a3ab4e5c3d7542f6ade0c83d7c417d3fb in 
DEBUG: JX_LOG_LEVEL=error LC_ALL=C git clean -fd .
DEBUG: ran clean --force -d . in 
DEBUG: LC_ALL=C JX_LOG_LEVEL=error git merge 8cfe4d639ede04893571586761371c88fe1aba5c
DEBUG: ran git merge 8cfe4d639ede04893571586761371c88fe1aba5c in 
DEBUG: LC_ALL=C JX_LOG_LEVEL=error git log --format=%H%x1f%an%x1f%ae%x1f%cn%x1f%ce%x1f%s%n%b%x1e f913a95a3ab4e5c3d7542f6ade0c83d7c417d3fb..HEAD
Merged SHA 8cfe4d639ede04893571586761371c88fe1aba5c with commit message 'chore: Promote bdd-sbhg-import-1585588915 to version 0.0.1' into base branch master

Showing logs for build [32mcb-kubecd-environment-pr-191-17-lm5ph-1[0m stage [32mfrom-build-pack[0m and container [32mstep-build-helm-build[0m
WARNING: No $CHART_REPOSITORY defined so using the default value of: http://jenkins-x-chartmuseum:8080
Adding missing Helm repo: storage.googleapis.com https://storage.googleapis.com/chartmuseum.jenkins-x.io
WARNING: No secrets found on "helm/repos" due: reading the secret "helm/repos" from vault: no secret "helm/repos" not found in vault
Read credentials for https://storage.googleapis.com/chartmuseum.jenkins-x.io from vault helm/repos
Successfully added Helm repository storage.googleapis.com.
Adding missing Helm repo: jenkins-x-chartmuseum http://jenkins-x-chartmuseum:8080
WARNING: No secrets found on "helm/repos" due: reading the secret "helm/repos" from vault: no secret "helm/repos" not found in vault
Read credentials for http://jenkins-x-chartmuseum:8080 from vault helm/repos
Successfully added Helm repository jenkins-x-chartmuseum.
WARNING: No $CHART_REPOSITORY defined so using the default value of: http://jenkins-x-chartmuseum:8080
Adding missing Helm repo: chartmuseum.jenkins-x.io http://chartmuseum.jenkins-x.io
WARNING: No secrets found on "helm/repos" due: reading the secret "helm/repos" from vault: no secret "helm/repos" not found in vault
Read credentials for http://chartmuseum.jenkins-x.io from vault helm/repos
Successfully added Helm repository chartmuseum.jenkins-x.io.
